 ****** PrimeSim HSPICE -- R-2020.12-SP2 linux64 (May 24 2021 7074677) ******
  Copyright (c) 1986 - 2024 by Synopsys, Inc. All Rights Reserved.
  This software and the associated documentation are proprietary
  to Synopsys, Inc. This software may only be used in accordance
  with the terms and conditions of a written license agreement with
  Synopsys, Inc. All other use, reproduction, or distribution of
  this software is strictly prohibited.
  Input File: 02_dc.sp                                                          
  Command line options: /usr/cadtool/cad/synopsys/hspice/2020.12-sp2/hspice/linux64/hspice -i 02_dc.sp -o 02_dc.lis
  Start time: Mon Jun 24 17:02:13 2024
 lic:  
 lic: FLEXlm: SDK_12.9.5 
 lic: USER:   ee323524             HOSTNAME: ws42 
 lic: HOSTID: "5cf3fcb5e35c"       PID:      7674 
 lic: Using FLEXlm license file: 
 lic: 26585@lshc 
 lic: Checkout 1 hspice 
 lic: License/Maintenance for hspice will expire on 14-may-2025/2023.12 
 lic: 682(in_use)/1100(total) FLOATING license(s) on SERVER 26585@lshc 
 lic:   
  **info**  the obsolete option acout is ignored
  **info**  the obsolete option acout is ignored
  **warning** (02_dc.sp:6) runlvl smaller than 5, reset to 5 when accurate turned on

 **warning**  runlvl smaller than 5, reset to 5 when accurate turned on
1****** PrimeSim HSPICE -- R-2020.12-SP2 linux64 (May 24 2021 7074677) ******
 ******  
 analog ic term project: dc sweep

 ****** circuit name directory
 circuit number to circuit name directory
   number circuitname                     definition         multiplier
        0 main circuit
        1 xop.                            op                 1.00 
 

  
      
 **info** set option symb=1 internally to help for convergence.
 *****************************************************************
 ******  option summary
 ******
 runlvl  = 5         bypass  = 2.0000    
  Opening plot unit= 15
 file=02_dc.pa0

 ******
 analog ic term project: dc sweep

 ****** dc transfer curves tnom=  25.000 temp=  25.000 ******
 vomax=   1.0469     at=   1.4920 
             from=   0.            to=   1.5000 
 vomin= 742.7891m    at=   0.        
             from=   0.            to=   1.5000 
 vodmax= 132.3267n    at= 231.4000m
             from=   0.            to=   1.5000 
 vodmin=-129.4592n    at= 257.4000m
             from=   0.            to=   1.5000 

          ***** job concluded
 ******  
 analog ic term project: dc sweep

 ****** job statistics summary tnom=  25.000 temp=  25.000 ******
  
 ******  Machine Information  ******
 CPU:
 model name	: Intel(R) Xeon(R) CPU           E5620  @ 2.40GHz
 cpu MHz	: 2394.000
 CPU(s)		: 8
  
 OS:
 Linux version 3.10.0-1160.95.1.el7.x86_64 (mockbuild@kbuilder.bsys.centos.org) (gcc version 4.8.5 20150623 (Red Hat 4.8.5-44) (GCC) ) #1 SMP Mon Jul 24 13:59:37 UTC 2023

 System loadavg : 18.64 18.48 18.18 18/929 7823


  ******  PrimeSim HSPICE Threads Information  ******

  Command Line Threads Count :     1
  Available CPU Count        :     8
  Actual Threads Count       :     1


  ******  Circuit Statistics  ******
  # nodes       =      78 # elements   =      43
  # resistors   =       7 # capacitors =       4 # inductors   =       0
  # mutual_inds =       0 # vccs       =       0 # vcvs        =       0
  # cccs        =       0 # ccvs       =       0 # volt_srcs   =       5
  # curr_srcs   =       0 # diodes     =       0 # bjts        =       0
  # jfets       =       0 # mosfets    =      27 # U elements  =       0
  # T elements  =       0 # W elements =       0 # B elements  =       0
  # S elements  =       0 # P elements =       0 # va device   =       0
  # vector_srcs =       0 # N elements =       0


  ******  Runtime Statistics (seconds)  ******

  analysis           time    # points   tot. iter  conv.iter
  op point           0.00           1           0
  dc sweep          25.61       15001       30235
  readin             0.03
  errchk             0.00
  setup              0.01
  output             0.00


           peak memory used        471.88 megabytes
           total cpu time           25.69 seconds
           total elapsed time       26.22 seconds
           job started at     17:02:13 06/24/2024
           job ended   at     17:02:39 06/24/2024
           job total runtime        26.22 seconds


 lic: Release hspice token(s) 
 lic: total license checkout elapse time:        0.52(s)
