 ****** PrimeSim HSPICE -- R-2020.12-SP2 linux64 (May 24 2021 7074677) ******
  Copyright (c) 1986 - 2024 by Synopsys, Inc. All Rights Reserved.
  This software and the associated documentation are proprietary
  to Synopsys, Inc. This software may only be used in accordance
  with the terms and conditions of a written license agreement with
  Synopsys, Inc. All other use, reproduction, or distribution of
  this software is strictly prohibited.
  Input File: 03_ac_comm.sp                                                     
  Command line options: /usr/cadtool/cad/synopsys/hspice/2020.12-sp2/hspice/linux64/hspice -i 03_ac_comm.sp -o 03_ac_comm.lis
  Start time: Wed Jun 26 13:34:45 2024
 lic:  
 lic: FLEXlm: SDK_12.9.5 
 lic: USER:   ee323524             HOSTNAME: ws42 
 lic: HOSTID: "5cf3fcb5e35c"       PID:      23608 
 lic: Using FLEXlm license file: 
 lic: 26585@lshc 
 lic: Checkout 1 hspice 
 lic: License/Maintenance for hspice will expire on 14-may-2025/2023.12 
 lic: 500(in_use)/1100(total) FLOATING license(s) on SERVER 26585@lshc 
 lic:   
  **info**  the obsolete option acout is ignored
  **info**  the obsolete option acout is ignored
  **warning** (03_ac_comm.sp:6) runlvl smaller than 5, reset to 5 when accurate turned on

 **warning**  runlvl smaller than 5, reset to 5 when accurate turned on
1****** PrimeSim HSPICE -- R-2020.12-SP2 linux64 (May 24 2021 7074677) ******
 ******  
 analog ic term project: common mode ac responses

 ****** circuit name directory
 circuit number to circuit name directory
   number circuitname                     definition         multiplier
        0 main circuit
        1 xop.                            op                 1.00 
 

  

  **warning** the following singular supplies were terminated to 1 meg resistor 
          supply       node1            node2
(03_ac_comm.sp:24)vinn                    0:vinn             defined in subckt 0                     0:0                defined in subckt 0               
      
 **info** set option symb=1 internally to help for convergence.
 *****************************************************************
 ******  option summary
 ******
 runlvl  = 5         bypass  = 2.0000    
  Opening plot unit= 15
 file=03_ac_comm.pa0

 **info** dc convergence successful at Newton-Raphson method 
 ******  
 analog ic term project: common mode ac responses

 ****** operating point information tnom=  25.000 temp=  25.000 ******
 ****** operating point status is voltage   simulation time is     0.     
    node    =voltage      node    =voltage      node    =voltage

 +0:vdd     =   1.5000  0:vinn    = 750.0000m 0:vinp    = 750.0000m
 +0:vocm    = 750.0000m 0:von     = 747.3528m 0:vop     = 747.3528m
 +0:vss     =   0.      1:d4      = 486.7414m 1:d6      =   1.1864 
 +1:net26   = 413.9859m 1:net31   = 720.6631m 1:net42   =   1.1864 
 +1:net44   = 486.7414m 1:net47   =   1.2488  1:net51   = 350.4760m
 +1:net52   = 509.2514m 1:net55   = 829.7903m 1:net60   = 747.3528m
 +1:net67   =  25.4611m 1:net68   = 956.5919m 1:net73   = 824.6052m
 +1:net78   =   1.1864  1:net79   =   1.1864 





 ****     small-signal transfer characteristics

      v(vop)/vinp                              =   25.5861m
      input resistance at             vinp     =  1.000e+20
      output resistance at v(vop)              =  260.0322 



 ***************************************************
   ******   pole/zero analysis  
  
  
    input =  0:vinp          output = v(vop)
  
 Output first 15 Poles, (total 17)
 Use .option pz_num = NUM to control output number, (default:10)
  
       poles (rad/sec)                 poles ( hertz)
 real            imag            real            imag            
 -38.8976k       0.              -6.19074k       0.              
 -9.32475x       -111.967x       -1.48408x       -17.8201x       
 -9.32475x       111.967x        -1.48408x       17.8201x        
 -9.34158x       0.              -1.48676x       0.              
 -22.3879x       0.              -3.56315x       0.              
 -288.168x       0.              -45.8634x       0.              
 -444.832x       114.479x        -70.7973x       18.2200x        
 -444.832x       -114.479x       -70.7973x       -18.2200x       
 -485.134x       -747.334x       -77.2114x       -118.942x       
 -485.134x       747.334x        -77.2114x       118.942x        
 -489.278x       -847.742x       -77.8711x       -134.922x       
 -489.278x       847.742x        -77.8711x       134.922x        
 -652.982x       0.              -103.925x       0.              
 -763.499x       -150.951x       -121.515x       -24.0246x       
 -763.499x       150.951x        -121.515x       24.0246x        
  
 Output first 15 Zeros, (total 30)
 Use .option pz_num = NUM to control output number, (default:10)
  
       zeros (rad/sec)                 zeros ( hertz)
 real            imag            real            imag            
 -38.7184k       650.060m        -6.16222k       103.460m        
 -38.7184k       -650.060m       -6.16222k       -103.460m       
 -9.31204x       314.454         -1.48206x       50.0469         
 -9.31204x       -314.454        -1.48206x       -50.0469        
 -22.5149x       124.016k        -3.58336x       19.7377k        
 -22.5149x       -124.016k       -3.58336x       -19.7377k       
 -86.8533x       -2.88241k       -13.8231x       -458.749        
 -86.8533x       2.88241k        -13.8231x       458.749         
 124.018x        -1.42383k       19.7381x        -226.610        
 124.018x        1.42383k        19.7381x        226.610         
 -139.317x       -8.62630k       -22.1730x       -1.37292k       
 -139.317x       8.62630k        -22.1730x       1.37292k        
 -362.980x       0.              -57.7700x       0.              
 -374.565x       0.              -59.6139x       0.              
 -442.675x       114.279x        -70.4539x       18.1880x        
  
  ***** constant factor = 2.38178e+18
 ******
 analog ic term project: common mode ac responses

 ****** ac analysis tnom=  25.000 temp=  25.000 ******
 acm_in_db= -31.8399 

          ***** job concluded
 ******  
 analog ic term project: common mode ac responses

 ****** job statistics summary tnom=  25.000 temp=  25.000 ******
  
 ******  Machine Information  ******
 CPU:
 model name	: Intel(R) Xeon(R) CPU           E5620  @ 2.40GHz
 cpu MHz	: 1596.000
 CPU(s)		: 8
  
 OS:
 Linux version 3.10.0-1160.95.1.el7.x86_64 (mockbuild@kbuilder.bsys.centos.org) (gcc version 4.8.5 20150623 (Red Hat 4.8.5-44) (GCC) ) #1 SMP Mon Jul 24 13:59:37 UTC 2023

 System loadavg : 0.14 0.09 0.06 1/573 23615


  ******  PrimeSim HSPICE Threads Information  ******

  Command Line Threads Count :     1
  Available CPU Count        :     8
  Actual Threads Count       :     1


  ******  Circuit Statistics  ******
  # nodes       =      78 # elements   =      44
  # resistors   =       8 # capacitors =       4 # inductors   =       0
  # mutual_inds =       0 # vccs       =       0 # vcvs        =       0
  # cccs        =       0 # ccvs       =       0 # volt_srcs   =       5
  # curr_srcs   =       0 # diodes     =       0 # bjts        =       0
  # jfets       =       0 # mosfets    =      27 # U elements  =       0
  # T elements  =       0 # W elements =       0 # B elements  =       0
  # S elements  =       0 # P elements =       0 # va device   =       0
  # vector_srcs =       0 # N elements =       0


  ******  Runtime Statistics (seconds)  ******

  analysis           time    # points   tot. iter  conv.iter
  op point           0.05           1          46
  ac analysis        0.00          81          81
  readin             0.03
  errchk             0.01
  setup              0.02
  output             0.00


           peak memory used        466.89 megabytes
           total cpu time            0.11 seconds
           total elapsed time        3.91 seconds
           job started at     13:34:45 06/26/2024
           job ended   at     13:34:49 06/26/2024
           job total runtime         3.91 seconds


 lic: Release hspice token(s) 
 lic: total license checkout elapse time:        3.79(s)
