 ****** PrimeSim HSPICE -- R-2020.12-SP2 linux64 (May 24 2021 7074677) ******
  Copyright (c) 1986 - 2024 by Synopsys, Inc. All Rights Reserved.
  This software and the associated documentation are proprietary
  to Synopsys, Inc. This software may only be used in accordance
  with the terms and conditions of a written license agreement with
  Synopsys, Inc. All other use, reproduction, or distribution of
  this software is strictly prohibited.
  Input File: 09_step.sp                                                        
  Command line options: /usr/cadtool/cad/synopsys/hspice/2020.12-sp2/hspice/linux64/hspice -i 09_step.sp -o 09_step.lis
  Start time: Wed Jun 26 13:35:52 2024
 lic:  
 lic: FLEXlm: SDK_12.9.5 
 lic: USER:   ee323524             HOSTNAME: ws42 
 lic: HOSTID: "5cf3fcb5e35c"       PID:      23866 
 lic: Using FLEXlm license file: 
 lic: 26585@lshc 
 lic: Checkout 1 hspice 
 lic: License/Maintenance for hspice will expire on 14-may-2025/2023.12 
 lic: 499(in_use)/1100(total) FLOATING license(s) on SERVER 26585@lshc 
 lic:   
  **info**  the obsolete option acout is ignored
  **info**  the obsolete option acout is ignored
  **warning** (09_step.sp:6) runlvl smaller than 5, reset to 5 when accurate turned on

 **warning**  runlvl smaller than 5, reset to 5 when accurate turned on
1****** PrimeSim HSPICE -- R-2020.12-SP2 linux64 (May 24 2021 7074677) ******
 ******  
 analog ic term project: closed-loop step responses

 ****** circuit name directory
 circuit number to circuit name directory
   number circuitname                     definition         multiplier
        0 main circuit
        1 xop.                            op                 1.00 
  **info** (09_step.sp:28) DC voltage reset to initial transient source value in source 0:vi1. new dc=0.5000D+00
  **warning** (09_step.sp:28) pulse vi1 period too small, reset to 1.0520000E-06
  **warning** (09_step.sp:29) pulse vi2 period too small, reset to 1.0520000E-06
  **warning** (09_step.sp:28) pulse rise time is  < or = zero, reset to tstep
  **warning** (09_step.sp:28) pulse fall time is  < or = zero, reset to tstep
  **warning** (09_step.sp:29) pulse rise time is  < or = zero, reset to tstep
  **warning** (09_step.sp:29) pulse fall time is  < or = zero, reset to tstep
 

  
      
 **info** set option symb=1 internally to help for convergence.
 *****************************************************************
 ******  option summary
 ******
 runlvl  = 5         bypass  = 2.0000    
  Opening plot unit= 15
 file=09_step.pa0

 **info** dc convergence successful at Newton-Raphson method 
 ******  
 analog ic term project: closed-loop step responses

 ****** operating point information tnom=  25.000 temp=  25.000 ******
 ****** operating point status is voltage   simulation time is     0.     
    node    =voltage      node    =voltage      node    =voltage

 +0:test1   = 500.0000m 0:test2   =   1.0000  0:vdd     =   1.5000 
 +0:vinn    = 748.7270m 0:vinp    = 748.5469m 0:vocm    = 750.0000m
 +0:von     = 997.0937m 0:vop     = 497.4540m 0:vss     =   0.     
 +1:d4      = 457.8134m 1:d6      =   1.4541  1:net26   = 413.9859m
 +1:net31   = 720.6631m 1:net42   = 914.6494m 1:net44   = 491.0228m
 +1:net47   =   1.2474  1:net51   = 350.4380m 1:net52   = 509.2514m
 +1:net55   = 829.8694m 1:net60   = 747.2738m 1:net67   =  25.4611m
 +1:net68   = 956.5919m 1:net73   = 824.5296m 1:net78   =   1.4541 
 +1:net79   = 914.6494m

 ******
 analog ic term project: closed-loop step responses

 ****** transient analysis tnom=  25.000 temp=  25.000 ******
 final1= 997.0985m
 hlimit1=   1.0021 
 llimit1= 992.1130m
 htime1= 101.8262n
 ltime1=  79.8258n
 pos_settling1=  51.8262n
 pos_settling_h=  51.8262n
 pos_settling_l=  29.8258n
 final2= 497.4462m
 hlimit2= 499.9335m
 llimit2= 494.9590m
 htime2=  85.8154n
 ltime2= 107.9685n
 pos_settling2=  57.9685n
 begin1= 497.4540m
 begin2= 997.0937m
 srp_v1= 547.4184m
 srp_v2= 947.1341m
 srp_time=  20.4479n  targ=  74.8253n   trig=  54.3775n
 srp_diff= 399.7156m
 srp=  19.5480x
 srn_v1= 947.1290m
 srn_v2= 547.4110m
 srn_time=  24.4951n  targ=  78.6335n   trig=  54.1384n
 srn_diff= 399.7180m
 srn=  16.3183x
 iop=  39.1948u  from=  54.3773n     to=  74.8261n
 ion= -32.7586u  from=  54.1384n     to=  78.6334n

          ***** job concluded
 ******  
 analog ic term project: closed-loop step responses

 ****** job statistics summary tnom=  25.000 temp=  25.000 ******
  
 ******  Machine Information  ******
 CPU:
 model name	: Intel(R) Xeon(R) CPU           E5620  @ 2.40GHz
 cpu MHz	: 1729.000
 CPU(s)		: 8
  
 OS:
 Linux version 3.10.0-1160.95.1.el7.x86_64 (mockbuild@kbuilder.bsys.centos.org) (gcc version 4.8.5 20150623 (Red Hat 4.8.5-44) (GCC) ) #1 SMP Mon Jul 24 13:59:37 UTC 2023

 System loadavg : 0.23 0.12 0.07 2/575 23870


  ******  PrimeSim HSPICE Threads Information  ******

  Command Line Threads Count :     1
  Available CPU Count        :     8
  Actual Threads Count       :     1


  ******  Circuit Statistics  ******
  # nodes       =      80 # elements   =      47
  # resistors   =      11 # capacitors =       4 # inductors   =       0
  # mutual_inds =       0 # vccs       =       0 # vcvs        =       0
  # cccs        =       0 # ccvs       =       0 # volt_srcs   =       5
  # curr_srcs   =       0 # diodes     =       0 # bjts        =       0
  # jfets       =       0 # mosfets    =      27 # U elements  =       0
  # T elements  =       0 # W elements =       0 # B elements  =       0
  # S elements  =       0 # P elements =       0 # va device   =       0
  # vector_srcs =       0 # N elements =       0


  ******  Runtime Statistics (seconds)  ******

  analysis           time    # points   tot. iter  conv.iter
  op point           0.01           1          88
  transient          0.02        1051         165          68 rev=         4
  readin             0.03
  errchk             0.01
  setup              0.01
  output             0.00


           peak memory used        471.88 megabytes
           total cpu time            0.08 seconds
           total elapsed time        1.66 seconds
           job started at     13:35:52 06/26/2024
           job ended   at     13:35:54 06/26/2024
           job total runtime         1.66 seconds


 lic: Release hspice token(s) 
 lic: total license checkout elapse time:        1.57(s)
